\BOOKMARK [1][-]{section.1}{\376\377\000I\000n\000t\000r\000o\000d\000u\000c\000t\000i\000o\000n}{}% 1
\BOOKMARK [1][-]{section.2}{\376\377\000R\000e\000l\000a\000t\000e\000d\000\040\000L\000i\000t\000e\000r\000a\000t\000u\000r\000e}{}% 2
\BOOKMARK [1][-]{section.3}{\376\377\000D\000a\000t\000a\000\040\000a\000n\000d\000\040\000I\000n\000s\000t\000i\000t\000u\000t\000i\000o\000n\000a\000l\000\040\000B\000a\000c\000k\000g\000r\000o\000u\000n\000d}{}% 3
\BOOKMARK [2][-]{subsection.3.1}{\376\377\000E\000u\000r\000o\000z\000o\000n\000e}{section.3}% 4
\BOOKMARK [2][-]{subsection.3.2}{\376\377\000U\000n\000i\000t\000e\000d\000\040\000K\000i\000n\000g\000d\000o\000m}{section.3}% 5
\BOOKMARK [2][-]{subsection.3.3}{\376\377\000J\000a\000p\000a\000n}{section.3}% 6
\BOOKMARK [2][-]{subsection.3.4}{\376\377\000C\000a\000n\000a\000d\000a}{section.3}% 7
\BOOKMARK [2][-]{subsection.3.5}{\376\377\000S\000w\000i\000t\000z\000e\000r\000l\000a\000n\000d}{section.3}% 8
\BOOKMARK [2][-]{subsection.3.6}{\376\377\000A\000u\000s\000t\000r\000a\000l\000i\000a}{section.3}% 9
\BOOKMARK [1][-]{section.4}{\376\377\000T\000h\000e\000\040\000D\000e\000c\000l\000i\000n\000e\000\040\000i\000n\000\040\000I\000n\000t\000e\000r\000e\000s\000t\000\040\000R\000a\000t\000e\000s\000\040\000a\000n\000d\000\040\000M\000o\000n\000e\000t\000a\000r\000y\000\040\000P\000o\000l\000i\000c\000y}{}% 10
\BOOKMARK [2][-]{subsection.4.1}{\376\377\000G\000e\000r\000m\000a\000n\000\040\000B\000u\000n\000d\000\040\000Y\000i\000e\000l\000d\000s}{section.4}% 11
\BOOKMARK [2][-]{subsection.4.2}{\376\377\000U\000K\000\040\000G\000i\000l\000t\000\040\000Y\000i\000e\000l\000d\000s}{section.4}% 12
\BOOKMARK [2][-]{subsection.4.3}{\376\377\000J\000a\000p\000a\000n\000e\000s\000e\000\040\000G\000o\000v\000e\000r\000n\000m\000e\000n\000t\000\040\000B\000o\000n\000d\000\040\000\050\000J\000G\000B\000\051\000\040\000Y\000i\000e\000l\000d\000s}{section.4}% 13
\BOOKMARK [2][-]{subsection.4.4}{\376\377\000C\000a\000n\000a\000d\000i\000a\000n\000\040\000B\000o\000n\000d\000\040\000Y\000i\000e\000l\000d\000s}{section.4}% 14
\BOOKMARK [2][-]{subsection.4.5}{\376\377\000S\000w\000i\000s\000s\000\040\000C\000o\000n\000f\000e\000d\000e\000r\000a\000t\000i\000o\000n\000\040\000B\000o\000n\000d\000\040\000Y\000i\000e\000l\000d\000s}{section.4}% 15
\BOOKMARK [2][-]{subsection.4.6}{\376\377\000A\000u\000s\000t\000r\000a\000l\000i\000a\000n\000\040\000G\000o\000v\000e\000r\000n\000m\000e\000n\000t\000\040\000B\000o\000n\000d\000\040\000Y\000i\000e\000l\000d\000s}{section.4}% 16
\BOOKMARK [1][-]{section.5}{\376\377\000E\000m\000p\000i\000r\000i\000c\000a\000l\000\040\000S\000t\000r\000a\000t\000e\000g\000y}{}% 17
\BOOKMARK [1][-]{section.6}{\376\377\000R\000e\000s\000u\000l\000t\000s}{}% 18
\BOOKMARK [1][-]{section.7}{\376\377\000C\000o\000n\000c\000l\000u\000s\000i\000o\000n}{}% 19
\BOOKMARK [1][-]{section*.13}{\376\377\000A\000p\000p\000e\000n\000d\000i\000x}{}% 20
